[2025-09-06 16:11:11] Password reset request started 
[2025-09-06 16:11:11] User lookup {
    "email": "random.koala497@passinbox.com",
    "user_found": false
}
[2025-09-06 16:11:11] Password reset requested for non-existent email {
    "email": "random.koala497@passinbox.com"
}
[2025-09-06 16:11:11] Password reset process completed {
    "email": "random.koala497@passinbox.com",
    "success": true
}
[2025-09-06 16:11:14] Password reset request started 
[2025-09-06 16:11:14] User lookup {
    "email": "farkasgabor1024@gmail.com",
    "user_found": true
}
[2025-09-06 16:11:14] Password reset token generated {
    "email": "farkasgabor1024@gmail.com",
    "token": "d3a678db4eb9aa384003e464153dca22daa46609040b1bc2516655286f898598"
}
[06-Sep-2025 16:11:14 Europe/Berlin] PHP Fatal error:  Uncaught Error: Class "PHPMailer" not found in C:\xampp\htdocs\Diplomamunka-26222041\php\process-forgot-password.php:102
Stack trace:
#0 {main}
  thrown in C:\xampp\htdocs\Diplomamunka-26222041\php\process-forgot-password.php on line 102
[2025-09-06 16:29:42] Password reset request started 
[2025-09-06 16:29:42] User lookup {
    "email": "farkas.gabor.vts@gmail.com",
    "user_found": false
}
[2025-09-06 16:29:42] Password reset requested for non-existent email {
    "email": "farkas.gabor.vts@gmail.com"
}
[2025-09-06 16:29:42] Password reset process completed {
    "email": "farkas.gabor.vts@gmail.com",
    "success": true
}
[2025-09-06 16:29:46] Password reset request started 
[2025-09-06 16:29:46] User lookup {
    "email": "farkasgabor1024@gmail.com",
    "user_found": true
}
[2025-09-06 16:29:46] Password reset token generated {
    "email": "farkasgabor1024@gmail.com",
    "token": "7cf5558f2eaddf5a31e164c2b8287d433a4d91f6cc519095f0c0ed975f4e1568"
}
[2025-09-06 16:29:49] Password reset email sent {
    "email": "farkasgabor1024@gmail.com"
}
[2025-09-06 16:29:49] Password reset process completed {
    "email": "farkasgabor1024@gmail.com",
    "success": true
}
