{
    "time": "2025-09-17 17:35:50",
    "user_id": 16,
    "session_id": "cs_test_a1KkTGex9s2QwelLSzExSleHSQV22uYiaZTRQHsuEAu3D13GaedsPmNjhO",
    "currency": "huf",
    "amount_total_minor": 1995000,
    "amount_stored": 19950,
    "status": "completed",
    "payment_method": "stripe"
}

{
    "time": "2025-09-17 17:37:33",
    "user_id": 16,
    "session_id": "cs_test_b1lOh9VL00RlUJuxt0MfpGhQEXH6CdAB5ATGZdnkzsJeizy2MBkQG0KXS1",
    "currency": "huf",
    "amount_total_minor": 2097000,
    "amount_stored": 20970,
    "status": "completed",
    "payment_method": "stripe"
}

{
    "time": "2025-09-17 18:05:37",
    "user_id": 16,
    "session_id": "cs_test_b1nV3boqOP4c36MasTmb1Vv3kenoQN1Qr25WP8NwuquQEJjL1NtG8i9Juf",
    "currency": "huf",
    "amount_total_minor": 1298000,
    "amount_stored": 12980,
    "status": "completed",
    "payment_method": "stripe"
}

{
    "time": "2025-09-17 18:08:02",
    "user_id": 16,
    "session_id": "cs_test_b1nV3boqOP4c36MasTmb1Vv3kenoQN1Qr25WP8NwuquQEJjL1NtG8i9Juf",
    "currency": "huf",
    "amount_total_minor": 1298000,
    "amount_stored": 12980,
    "status": "completed",
    "payment_method": "stripe"
}

{
    "time": "2025-09-17 18:18:56",
    "user_id": 16,
    "session_id": "cs_test_b1nV3boqOP4c36MasTmb1Vv3kenoQN1Qr25WP8NwuquQEJjL1NtG8i9Juf",
    "currency": "huf",
    "amount_total_minor": 1298000,
    "amount_stored": 12980,
    "status": "completed",
    "payment_method": "stripe"
}

{
    "time": "2025-09-17 18:19:15",
    "user_id": 16,
    "session_id": "cs_test_b1nV3boqOP4c36MasTmb1Vv3kenoQN1Qr25WP8NwuquQEJjL1NtG8i9Juf",
    "currency": "huf",
    "amount_total_minor": 1298000,
    "amount_stored": 12980,
    "status": "completed",
    "payment_method": "stripe"
}

{
    "time": "2025-09-17 18:35:47",
    "user_id": 16,
    "session_id": "cs_test_a1wvQpX2smXk5PBQ6TT1emw6aqGKwuKFN8MVMFuZsvdRgTsS2GPqZsEWBw",
    "currency": "huf",
    "amount_total_minor": 3995000,
    "amount_stored": 39950,
    "status": "completed",
    "payment_method": "stripe"
}

{
    "time": "2025-09-17 20:00:52",
    "user_id": 16,
    "session_id": "cs_test_a1fLNZ2ZOKlFjjvkLjEXg7fps3QnF34hoFYvGQBfkLmjpUDz3nP63RzX11",
    "currency": "huf",
    "amount_total_minor": 1596000,
    "amount_stored": 15960,
    "status": "completed",
    "payment_method": "stripe"
}

{
    "time": "2025-09-17 20:12:28",
    "user_id": 16,
    "session_id": "cs_test_a1aiiPMeEfrCBpgsqiDBo6M4KebbpOv0S0LUfZT3YI4Yv3trGICECxv4Uw",
    "currency": "huf",
    "amount_total_minor": 2247000,
    "amount_stored": 22470,
    "status": "completed",
    "payment_method": "stripe"
}

