[06-Sep-2025 10:02:33 Europe/Berlin] PHP Notice:  session_start(): Ignoring session_start() because a session is already active in C:\xampp\htdocs\Diplomamunka-26222041\php\includes\auth_check.php on line 2
[06-Sep-2025 10:02:33 Europe/Berlin] PHP Stack trace:
[06-Sep-2025 10:02:33 Europe/Berlin] PHP   1. {main}() C:\xampp\htdocs\Diplomamunka-26222041\php\process-signin.php:0
[06-Sep-2025 10:02:33 Europe/Berlin] PHP   2. require_once() C:\xampp\htdocs\Diplomamunka-26222041\php\process-signin.php:20
[06-Sep-2025 10:02:33 Europe/Berlin] PHP   3. session_start() C:\xampp\htdocs\Diplomamunka-26222041\php\includes\auth_check.php:2
[06-Sep-2025 10:02:33 Europe/Berlin] ============================================================
[06-Sep-2025 10:02:33 Europe/Berlin] Login attempt at 2025-09-06 10:02:33
[06-Sep-2025 10:02:33 Europe/Berlin] Input received -> email valid: yes, password provided: yes, rememberMe: yes
[06-Sep-2025 10:02:33 Europe/Berlin] User lookup: found user
[06-Sep-2025 10:02:33 Europe/Berlin] Password verification: FAILED
[06-Sep-2025 10:02:33 Europe/Berlin] Login error: Invalid email or password.
[06-Sep-2025 10:02:49 Europe/Berlin] PHP Notice:  session_start(): Ignoring session_start() because a session is already active in C:\xampp\htdocs\Diplomamunka-26222041\php\includes\auth_check.php on line 2
[06-Sep-2025 10:02:49 Europe/Berlin] PHP Stack trace:
[06-Sep-2025 10:02:49 Europe/Berlin] PHP   1. {main}() C:\xampp\htdocs\Diplomamunka-26222041\php\process-signin.php:0
[06-Sep-2025 10:02:49 Europe/Berlin] PHP   2. require_once() C:\xampp\htdocs\Diplomamunka-26222041\php\process-signin.php:20
[06-Sep-2025 10:02:49 Europe/Berlin] PHP   3. session_start() C:\xampp\htdocs\Diplomamunka-26222041\php\includes\auth_check.php:2
[06-Sep-2025 10:02:49 Europe/Berlin] ============================================================
[06-Sep-2025 10:02:49 Europe/Berlin] Login attempt at 2025-09-06 10:02:49
[06-Sep-2025 10:02:49 Europe/Berlin] Input received -> email valid: yes, password provided: yes, rememberMe: yes
[06-Sep-2025 10:02:49 Europe/Berlin] User lookup: found user
[06-Sep-2025 10:02:49 Europe/Berlin] Password verification: OK
[06-Sep-2025 10:02:49 Europe/Berlin] Email verified: yes
[06-Sep-2025 10:02:49 Europe/Berlin] Session cookie set: yes
[06-Sep-2025 10:02:49 Europe/Berlin] Session variables set for user_id 16
[06-Sep-2025 10:20:07 Europe/Berlin] ============================================================
[06-Sep-2025 10:20:07 Europe/Berlin] Login attempt at 2025-09-06 10:20:07
[06-Sep-2025 10:20:07 Europe/Berlin] Input received -> email valid: yes, password provided: yes, rememberMe: yes
[06-Sep-2025 10:20:07 Europe/Berlin] User lookup: found user
[06-Sep-2025 10:20:07 Europe/Berlin] Password verification: FAILED
[06-Sep-2025 10:20:07 Europe/Berlin] Login error: Invalid email or password.
[06-Sep-2025 11:19:10 Europe/Berlin] ============================================================
[06-Sep-2025 11:19:10 Europe/Berlin] Login attempt at 2025-09-06 11:19:10
[06-Sep-2025 11:19:10 Europe/Berlin] Input received -> email valid: yes, password provided: yes, rememberMe: no
[06-Sep-2025 11:19:10 Europe/Berlin] User lookup: no user found for farkas.gabor.vts@gmail.com
[06-Sep-2025 11:19:10 Europe/Berlin] Login attempt - User not found: farkas.gabor.vts@gmail.com
[06-Sep-2025 11:19:10 Europe/Berlin] Login error: Invalid email or password. [Code: auth_failed]
[2025-09-06 11:19:10] Login error: Invalid email or password. [Code: auth_failed]
[06-Sep-2025 11:19:24 Europe/Berlin] ============================================================
[06-Sep-2025 11:19:24 Europe/Berlin] Login attempt at 2025-09-06 11:19:24
[06-Sep-2025 11:19:24 Europe/Berlin] Input received -> email valid: yes, password provided: yes, rememberMe: yes
[06-Sep-2025 11:19:24 Europe/Berlin] User lookup: found user
[06-Sep-2025 11:19:24 Europe/Berlin] Login attempt - User: farkasgabor1024@gmail.com, Password match: yes
[06-Sep-2025 11:19:24 Europe/Berlin] Email verified: yes
[06-Sep-2025 11:19:24 Europe/Berlin] Session cookie set: yes
[06-Sep-2025 11:19:24 Europe/Berlin] Session variables set for user_id 16
[06-Sep-2025 11:20:01 Europe/Berlin] ============================================================
[06-Sep-2025 11:20:01 Europe/Berlin] Login attempt at 2025-09-06 11:20:01
[06-Sep-2025 11:20:01 Europe/Berlin] Input received -> email valid: yes, password provided: yes, rememberMe: no
[06-Sep-2025 11:20:01 Europe/Berlin] User lookup: found user
[06-Sep-2025 11:20:01 Europe/Berlin] Login attempt - User: farkasgabor1024@gmail.com, Password match: no
[06-Sep-2025 11:20:01 Europe/Berlin] Login error: Invalid email or password. [Code: auth_failed]
[2025-09-06 11:20:01] Login error: Invalid email or password. [Code: auth_failed]
[06-Sep-2025 11:32:37 Europe/Berlin] ============================================================
[06-Sep-2025 11:32:37 Europe/Berlin] Login attempt at 2025-09-06 11:32:37
[06-Sep-2025 11:32:37 Europe/Berlin] Input received -> email valid: yes, password provided: no, rememberMe: no
[06-Sep-2025 11:32:37 Europe/Berlin] Login error: Please provide both email and password. [Code: missing_fields]
[2025-09-06 11:32:37] Login error: Please provide both email and password. [Code: missing_fields]
[06-Sep-2025 11:32:39 Europe/Berlin] ============================================================
[06-Sep-2025 11:32:39 Europe/Berlin] Login attempt at 2025-09-06 11:32:39
[06-Sep-2025 11:32:39 Europe/Berlin] Input received -> email valid: yes, password provided: no, rememberMe: yes
[06-Sep-2025 11:32:39 Europe/Berlin] Login error: Please provide both email and password. [Code: missing_fields]
[2025-09-06 11:32:39] Login error: Please provide both email and password. [Code: missing_fields]
[06-Sep-2025 11:32:56 Europe/Berlin] ============================================================
[06-Sep-2025 11:32:56 Europe/Berlin] Login attempt at 2025-09-06 11:32:56
[06-Sep-2025 11:32:56 Europe/Berlin] Input received -> email valid: yes, password provided: yes, rememberMe: yes
[06-Sep-2025 11:32:56 Europe/Berlin] User lookup: no user found for farkas.gabor.vts@gmail.com
[06-Sep-2025 11:32:56 Europe/Berlin] Login attempt - User not found: farkas.gabor.vts@gmail.com
[06-Sep-2025 11:32:56 Europe/Berlin] Login error: Invalid email or password. [Code: auth_failed]
[2025-09-06 11:32:56] Login error: Invalid email or password. [Code: auth_failed]
[06-Sep-2025 11:32:59 Europe/Berlin] ============================================================
[06-Sep-2025 11:32:59 Europe/Berlin] Login attempt at 2025-09-06 11:32:59
[06-Sep-2025 11:32:59 Europe/Berlin] Input received -> email valid: yes, password provided: yes, rememberMe: yes
[06-Sep-2025 11:32:59 Europe/Berlin] User lookup: found user
[06-Sep-2025 11:32:59 Europe/Berlin] Login attempt - User: farkasgabor1024@gmail.com, Password match: yes
[06-Sep-2025 11:32:59 Europe/Berlin] Email verified: yes
[06-Sep-2025 11:32:59 Europe/Berlin] Session cookie set: yes
[06-Sep-2025 11:32:59 Europe/Berlin] Session variables set for user_id 16
[06-Sep-2025 11:38:00 Europe/Berlin] ============================================================
[06-Sep-2025 11:38:00 Europe/Berlin] Login attempt at 2025-09-06 11:38:00
[06-Sep-2025 11:38:00 Europe/Berlin] Input received -> email valid: yes, password provided: yes, rememberMe: no
[06-Sep-2025 11:38:00 Europe/Berlin] User lookup: found user
[06-Sep-2025 11:38:00 Europe/Berlin] Login attempt - User: farkasgabor1024@gmail.com, Password match: yes
[06-Sep-2025 11:38:00 Europe/Berlin] Email verified: yes
[06-Sep-2025 11:38:00 Europe/Berlin] Session cookie set: yes
[06-Sep-2025 11:38:00 Europe/Berlin] Session variables set for user_id 16
[06-Sep-2025 12:10:50 Europe/Berlin] ============================================================
[06-Sep-2025 12:10:50 Europe/Berlin] Login attempt at 2025-09-06 12:10:50
[06-Sep-2025 12:10:50 Europe/Berlin] Input received -> email valid: yes, password provided: yes, rememberMe: no
[06-Sep-2025 12:10:50 Europe/Berlin] User lookup: found user
[06-Sep-2025 12:10:50 Europe/Berlin] Login attempt - User: farkasgabor1024@gmail.com, Password match: no
[06-Sep-2025 12:10:50 Europe/Berlin] Login error: Invalid email or password. [Code: auth_failed]
[2025-09-06 12:10:50] Login error: Invalid email or password. [Code: auth_failed]
[06-Sep-2025 12:10:54 Europe/Berlin] ============================================================
[06-Sep-2025 12:10:54 Europe/Berlin] Login attempt at 2025-09-06 12:10:54
[06-Sep-2025 12:10:54 Europe/Berlin] Input received -> email valid: yes, password provided: yes, rememberMe: no
[06-Sep-2025 12:10:54 Europe/Berlin] User lookup: found user
[06-Sep-2025 12:10:54 Europe/Berlin] Login attempt - User: farkasgabor1024@gmail.com, Password match: yes
[06-Sep-2025 12:10:54 Europe/Berlin] Email verified: yes
[06-Sep-2025 12:10:54 Europe/Berlin] Session cookie set: yes
[06-Sep-2025 12:10:54 Europe/Berlin] Session variables set for user_id 16
[06-Sep-2025 12:11:07 Europe/Berlin] ============================================================
[06-Sep-2025 12:11:07 Europe/Berlin] Login attempt at 2025-09-06 12:11:07
[06-Sep-2025 12:11:07 Europe/Berlin] Input received -> email valid: yes, password provided: no, rememberMe: no
[06-Sep-2025 12:11:07 Europe/Berlin] Login error: Please provide both email and password. [Code: missing_fields]
[2025-09-06 12:11:07] Login error: Please provide both email and password. [Code: missing_fields]
[06-Sep-2025 12:11:09 Europe/Berlin] ============================================================
[06-Sep-2025 12:11:09 Europe/Berlin] Login attempt at 2025-09-06 12:11:09
[06-Sep-2025 12:11:09 Europe/Berlin] Input received -> email valid: yes, password provided: yes, rememberMe: no
[06-Sep-2025 12:11:09 Europe/Berlin] User lookup: no user found for farkas.gabor.vts@gmail.com
[06-Sep-2025 12:11:09 Europe/Berlin] Login attempt - User not found: farkas.gabor.vts@gmail.com
[06-Sep-2025 12:11:09 Europe/Berlin] Login error: Invalid email or password. [Code: auth_failed]
[2025-09-06 12:11:09] Login error: Invalid email or password. [Code: auth_failed]
[06-Sep-2025 12:11:14 Europe/Berlin] ============================================================
[06-Sep-2025 12:11:14 Europe/Berlin] Login attempt at 2025-09-06 12:11:14
[06-Sep-2025 12:11:14 Europe/Berlin] Input received -> email valid: yes, password provided: yes, rememberMe: yes
[06-Sep-2025 12:11:14 Europe/Berlin] User lookup: no user found for farkas.gabor.vts@gmail.com
[06-Sep-2025 12:11:14 Europe/Berlin] Login attempt - User not found: farkas.gabor.vts@gmail.com
[06-Sep-2025 12:11:14 Europe/Berlin] Login error: Invalid email or password. [Code: auth_failed]
[2025-09-06 12:11:14] Login error: Invalid email or password. [Code: auth_failed]
