{
    "time": "2025-09-16 21:45:22",
    "event_id": 23,
    "request_body": {
        "event_id": 23,
        "items": [
            {
                "name": "VIP TICKET",
                "unit_amount": 8990,
                "quantity": 1,
                "ticket_type_id": "10"
            }
        ]
    },
    "requested": {
        "10": 1
    },
    "db_tickets": [
        {
            "ticket_type_id": 10,
            "ticket_type": "vip",
            "price": 8990
        }
    ],
    "line_items": [
        {
            "price_data": {
                "currency": "huf",
                "product_data": {
                    "name": "VIP TICKET"
                },
                "unit_amount": 8990
            },
            "quantity": 1
        }
    ],
    "computed_total_huf": 8990
}

{
    "time": "2025-09-16 21:48:00",
    "event_id": 23,
    "request_body": {
        "event_id": 23,
        "items": [
            {
                "name": "REGULAR TICKET",
                "unit_amount": 5990,
                "quantity": 1,
                "ticket_type_id": "9"
            },
            {
                "name": "VIP TICKET",
                "unit_amount": 8990,
                "quantity": 2,
                "ticket_type_id": "10"
            }
        ]
    },
    "requested": {
        "9": 1,
        "10": 2
    },
    "db_tickets": [
        {
            "ticket_type_id": 9,
            "ticket_type": "regular",
            "price": 5990
        },
        {
            "ticket_type_id": 10,
            "ticket_type": "vip",
            "price": 8990
        }
    ],
    "line_items": [
        {
            "price_data": {
                "currency": "huf",
                "product_data": {
                    "name": "REGULAR TICKET"
                },
                "unit_amount": 5990
            },
            "quantity": 1
        },
        {
            "price_data": {
                "currency": "huf",
                "product_data": {
                    "name": "VIP TICKET"
                },
                "unit_amount": 8990
            },
            "quantity": 2
        }
    ],
    "computed_total_huf": 23970
}{
    "time": "2025-09-16 21:56:24",
    "event_id": 23,
    "request_body": {
        "event_id": 23,
        "items": [
            {
                "name": "REGULAR TICKET",
                "unit_amount": 5990,
                "quantity": 2,
                "ticket_type_id": "9"
            },
            {
                "name": "VIP TICKET",
                "unit_amount": 8990,
                "quantity": 3,
                "ticket_type_id": "10"
            }
        ]
    },
    "requested": {
        "9": 2,
        "10": 3
    },
    "db_tickets": [
        {
            "ticket_type_id": 9,
            "ticket_type": "regular",
            "price": 5990
        },
        {
            "ticket_type_id": 10,
            "ticket_type": "vip",
            "price": 8990
        }
    ],
    "line_items": [
        {
            "price_data": {
                "currency": "huf",
                "product_data": {
                    "name": "REGULAR TICKET"
                },
                "unit_amount": 599000
            },
            "quantity": 2
        },
        {
            "price_data": {
                "currency": "huf",
                "product_data": {
                    "name": "VIP TICKET"
                },
                "unit_amount": 899000
            },
            "quantity": 3
        }
    ],
    "computed_total_huf": 38950,
    "huf_factor": 100
}

{
    "time": "2025-09-16 22:03:53",
    "event_id": 20,
    "request_body": {
        "event_id": 20,
        "items": [
            {
                "name": "REGULAR TICKET",
                "unit_amount": 4990,
                "quantity": 1,
                "ticket_type_id": "3"
            },
            {
                "name": "VIP TICKET",
                "unit_amount": 7990,
                "quantity": 2,
                "ticket_type_id": "4"
            }
        ]
    },
    "requested": {
        "3": 1,
        "4": 2
    },
    "db_tickets": [
        {
            "ticket_type_id": 3,
            "ticket_type": "regular",
            "price": 4990
        },
        {
            "ticket_type_id": 4,
            "ticket_type": "vip",
            "price": 7990
        }
    ],
    "line_items": [
        {
            "price_data": {
                "currency": "huf",
                "product_data": {
                    "name": "REGULAR TICKET"
                },
                "unit_amount": 499000
            },
            "quantity": 1
        },
        {
            "price_data": {
                "currency": "huf",
                "product_data": {
                    "name": "VIP TICKET"
                },
                "unit_amount": 799000
            },
            "quantity": 2
        }
    ],
    "computed_total_huf": 20970,
    "huf_factor": 100
}

{
    "time": "2025-09-16 22:06:16",
    "event_id": 20,
    "request_body": {
        "event_id": 20,
        "items": [
            {
                "name": "REGULAR TICKET",
                "unit_amount": 4990,
                "quantity": 1,
                "ticket_type_id": "3"
            },
            {
                "name": "VIP TICKET",
                "unit_amount": 7990,
                "quantity": 3,
                "ticket_type_id": "4"
            }
        ]
    },
    "requested": {
        "3": 1,
        "4": 3
    },
    "db_tickets": [
        {
            "ticket_type_id": 3,
            "ticket_type": "regular",
            "price": 4990
        },
        {
            "ticket_type_id": 4,
            "ticket_type": "vip",
            "price": 7990
        }
    ],
    "line_items": [
        {
            "price_data": {
                "currency": "huf",
                "product_data": {
                    "name": "REGULAR TICKET"
                },
                "unit_amount": 499000
            },
            "quantity": 1
        },
        {
            "price_data": {
                "currency": "huf",
                "product_data": {
                    "name": "VIP TICKET"
                },
                "unit_amount": 799000
            },
            "quantity": 3
        }
    ],
    "computed_total_huf": 28960,
    "huf_factor": 100
}

{
    "time": "2025-09-17 17:13:33",
    "event_id": 21,
    "request_body": {
        "event_id": 21,
        "items": [
            {
                "name": "REGULAR TICKET",
                "unit_amount": 4490,
                "quantity": 5,
                "ticket_type_id": "5"
            },
            {
                "name": "VIP TICKET",
                "unit_amount": 7490,
                "quantity": 5,
                "ticket_type_id": "6"
            }
        ]
    },
    "requested": {
        "5": 5,
        "6": 5
    },
    "db_tickets": [
        {
            "ticket_type_id": 5,
            "ticket_type": "regular",
            "price": 4490
        },
        {
            "ticket_type_id": 6,
            "ticket_type": "vip",
            "price": 7490
        }
    ],
    "line_items": [
        {
            "price_data": {
                "currency": "huf",
                "product_data": {
                    "name": "REGULAR TICKET"
                },
                "unit_amount": 449000
            },
            "quantity": 5
        },
        {
            "price_data": {
                "currency": "huf",
                "product_data": {
                    "name": "VIP TICKET"
                },
                "unit_amount": 749000
            },
            "quantity": 5
        }
    ],
    "computed_total_huf": 59900,
    "huf_factor": 100
}

{
    "time": "2025-09-17 17:17:36",
    "event_id": 21,
    "request_body": {
        "event_id": 21,
        "items": [
            {
                "name": "REGULAR TICKET",
                "unit_amount": 4490,
                "quantity": 2,
                "ticket_type_id": "5"
            },
            {
                "name": "VIP TICKET",
                "unit_amount": 7490,
                "quantity": 4,
                "ticket_type_id": "6"
            }
        ]
    },
    "requested": {
        "5": 2,
        "6": 4
    },
    "db_tickets": [
        {
            "ticket_type_id": 5,
            "ticket_type": "regular",
            "price": 4490
        },
        {
            "ticket_type_id": 6,
            "ticket_type": "vip",
            "price": 7490
        }
    ],
    "line_items": [
        {
            "price_data": {
                "currency": "huf",
                "product_data": {
                    "name": "REGULAR TICKET"
                },
                "unit_amount": 449000
            },
            "quantity": 2
        },
        {
            "price_data": {
                "currency": "huf",
                "product_data": {
                    "name": "VIP TICKET"
                },
                "unit_amount": 749000
            },
            "quantity": 4
        }
    ],
    "computed_total_huf": 38940,
    "huf_factor": 100
}

{
    "time": "2025-09-17 17:30:20",
    "event_id": 23,
    "request_body": {
        "event_id": 23,
        "items": [
            {
                "name": "REGULAR TICKET",
                "unit_amount": 5990,
                "quantity": 5,
                "ticket_type_id": "9"
            }
        ]
    },
    "requested": {
        "9": 5
    },
    "db_tickets": [
        {
            "ticket_type_id": 9,
            "ticket_type": "regular",
            "price": 5990
        }
    ],
    "line_items": [
        {
            "price_data": {
                "currency": "huf",
                "product_data": {
                    "name": "REGULAR TICKET"
                },
                "unit_amount": 599000
            },
            "quantity": 5
        }
    ],
    "computed_total_huf": 29950,
    "huf_factor": 100
}

{
    "time": "2025-09-17 17:35:30",
    "event_id": 22,
    "request_body": {
        "event_id": 22,
        "items": [
            {
                "name": "REGULAR TICKET",
                "unit_amount": 3990,
                "quantity": 5,
                "ticket_type_id": "7"
            }
        ]
    },
    "requested": {
        "7": 5
    },
    "db_tickets": [
        {
            "ticket_type_id": 7,
            "ticket_type": "regular",
            "price": 3990
        }
    ],
    "line_items": [
        {
            "price_data": {
                "currency": "huf",
                "product_data": {
                    "name": "REGULAR TICKET"
                },
                "unit_amount": 399000
            },
            "quantity": 5
        }
    ],
    "computed_total_huf": 19950,
    "huf_factor": 100
}

{
    "time": "2025-09-17 17:37:09",
    "event_id": 24,
    "request_body": {
        "event_id": 24,
        "items": [
            {
                "name": "REGULAR TICKET",
                "unit_amount": 4990,
                "quantity": 1,
                "ticket_type_id": "11"
            },
            {
                "name": "VIP TICKET",
                "unit_amount": 7990,
                "quantity": 2,
                "ticket_type_id": "12"
            }
        ]
    },
    "requested": {
        "11": 1,
        "12": 2
    },
    "db_tickets": [
        {
            "ticket_type_id": 11,
            "ticket_type": "regular",
            "price": 4990
        },
        {
            "ticket_type_id": 12,
            "ticket_type": "vip",
            "price": 7990
        }
    ],
    "line_items": [
        {
            "price_data": {
                "currency": "huf",
                "product_data": {
                    "name": "REGULAR TICKET"
                },
                "unit_amount": 499000
            },
            "quantity": 1
        },
        {
            "price_data": {
                "currency": "huf",
                "product_data": {
                    "name": "VIP TICKET"
                },
                "unit_amount": 799000
            },
            "quantity": 2
        }
    ],
    "computed_total_huf": 20970,
    "huf_factor": 100
}

{
    "time": "2025-09-17 17:37:45",
    "event_id": 24,
    "request_body": {
        "event_id": 24,
        "items": [
            {
                "name": "REGULAR TICKET",
                "unit_amount": 4990,
                "quantity": 1,
                "ticket_type_id": "11"
            },
            {
                "name": "VIP TICKET",
                "unit_amount": 7990,
                "quantity": 1,
                "ticket_type_id": "12"
            }
        ]
    },
    "requested": {
        "11": 1,
        "12": 1
    },
    "db_tickets": [
        {
            "ticket_type_id": 11,
            "ticket_type": "regular",
            "price": 4990
        },
        {
            "ticket_type_id": 12,
            "ticket_type": "vip",
            "price": 7990
        }
    ],
    "line_items": [
        {
            "price_data": {
                "currency": "huf",
                "product_data": {
                    "name": "REGULAR TICKET"
                },
                "unit_amount": 499000
            },
            "quantity": 1
        },
        {
            "price_data": {
                "currency": "huf",
                "product_data": {
                    "name": "VIP TICKET"
                },
                "unit_amount": 799000
            },
            "quantity": 1
        }
    ],
    "computed_total_huf": 12980,
    "huf_factor": 100
}

{
    "time": "2025-09-17 18:02:13",
    "event_id": 24,
    "request_body": {
        "event_id": 24,
        "items": [
            {
                "name": "REGULAR TICKET",
                "unit_amount": 4990,
                "quantity": 1,
                "ticket_type_id": "11"
            },
            {
                "name": "VIP TICKET",
                "unit_amount": 7990,
                "quantity": 2,
                "ticket_type_id": "12"
            }
        ]
    },
    "requested": {
        "11": 1,
        "12": 2
    },
    "db_tickets": [
        {
            "ticket_type_id": 11,
            "ticket_type": "regular",
            "price": 4990
        },
        {
            "ticket_type_id": 12,
            "ticket_type": "vip",
            "price": 7990
        }
    ],
    "line_items": [
        {
            "price_data": {
                "currency": "huf",
                "product_data": {
                    "name": "REGULAR TICKET"
                },
                "unit_amount": 499000
            },
            "quantity": 1
        },
        {
            "price_data": {
                "currency": "huf",
                "product_data": {
                    "name": "VIP TICKET"
                },
                "unit_amount": 799000
            },
            "quantity": 2
        }
    ],
    "computed_total_huf": 20970,
    "huf_factor": 100
}

{
    "time": "2025-09-17 18:05:13",
    "event_id": 24,
    "request_body": {
        "event_id": 24,
        "items": [
            {
                "name": "REGULAR TICKET",
                "unit_amount": 4990,
                "quantity": 1,
                "ticket_type_id": "11"
            },
            {
                "name": "VIP TICKET",
                "unit_amount": 7990,
                "quantity": 1,
                "ticket_type_id": "12"
            }
        ]
    },
    "requested": {
        "11": 1,
        "12": 1
    },
    "db_tickets": [
        {
            "ticket_type_id": 11,
            "ticket_type": "regular",
            "price": 4990
        },
        {
            "ticket_type_id": 12,
            "ticket_type": "vip",
            "price": 7990
        }
    ],
    "line_items": [
        {
            "price_data": {
                "currency": "huf",
                "product_data": {
                    "name": "REGULAR TICKET"
                },
                "unit_amount": 499000
            },
            "quantity": 1
        },
        {
            "price_data": {
                "currency": "huf",
                "product_data": {
                    "name": "VIP TICKET"
                },
                "unit_amount": 799000
            },
            "quantity": 1
        }
    ],
    "computed_total_huf": 12980,
    "huf_factor": 100
}

{
    "time": "2025-09-17 18:35:27",
    "event_id": 20,
    "request_body": {
        "event_id": 20,
        "items": [
            {
                "name": "VIP TICKET",
                "unit_amount": 7990,
                "quantity": 5,
                "ticket_type_id": "4"
            }
        ]
    },
    "requested": {
        "4": 5
    },
    "db_tickets": [
        {
            "ticket_type_id": 4,
            "ticket_type": "vip",
            "price": 7990
        }
    ],
    "line_items": [
        {
            "price_data": {
                "currency": "huf",
                "product_data": {
                    "name": "VIP TICKET"
                },
                "unit_amount": 799000
            },
            "quantity": 5
        }
    ],
    "computed_total_huf": 39950,
    "huf_factor": 100
}

{
    "time": "2025-09-17 20:00:14",
    "event_id": 22,
    "request_body": {
        "event_id": 22,
        "items": [
            {
                "name": "REGULAR TICKET",
                "unit_amount": 3990,
                "quantity": 4,
                "ticket_type_id": "7"
            }
        ]
    },
    "requested": {
        "7": 4
    },
    "db_tickets": [
        {
            "ticket_type_id": 7,
            "ticket_type": "regular",
            "price": 3990
        }
    ],
    "line_items": [
        {
            "price_data": {
                "currency": "huf",
                "product_data": {
                    "name": "REGULAR TICKET"
                },
                "unit_amount": 399000
            },
            "quantity": 4
        }
    ],
    "computed_total_huf": 15960,
    "huf_factor": 100
}

{
    "time": "2025-09-17 20:12:10",
    "event_id": 21,
    "request_body": {
        "event_id": 21,
        "items": [
            {
                "name": "VIP TICKET",
                "unit_amount": 7490,
                "quantity": 3,
                "ticket_type_id": "6"
            }
        ]
    },
    "requested": {
        "6": 3
    },
    "db_tickets": [
        {
            "ticket_type_id": 6,
            "ticket_type": "vip",
            "price": 7490
        }
    ],
    "line_items": [
        {
            "price_data": {
                "currency": "huf",
                "product_data": {
                    "name": "VIP TICKET"
                },
                "unit_amount": 749000
            },
            "quantity": 3
        }
    ],
    "computed_total_huf": 22470,
    "huf_factor": 100
}

{
    "time": "2025-09-17 20:32:20",
    "event_id": 24,
    "request_body": {
        "payment_method": "paypal",
        "event_id": 24,
        "items": [
            {
                "name": "REGULAR TICKET",
                "unit_amount": 4990,
                "quantity": 2,
                "ticket_type_id": "11"
            },
            {
                "name": "VIP TICKET",
                "unit_amount": 7990,
                "quantity": 1,
                "ticket_type_id": "12"
            }
        ]
    },
    "requested": {
        "11": 2,
        "12": 1
    },
    "db_tickets": [
        {
            "ticket_type_id": 11,
            "ticket_type": "regular",
            "price": 4990
        },
        {
            "ticket_type_id": 12,
            "ticket_type": "vip",
            "price": 7990
        }
    ],
    "line_items": [
        {
            "price_data": {
                "currency": "huf",
                "product_data": {
                    "name": "REGULAR TICKET"
                },
                "unit_amount": 499000
            },
            "quantity": 2
        },
        {
            "price_data": {
                "currency": "huf",
                "product_data": {
                    "name": "VIP TICKET"
                },
                "unit_amount": 799000
            },
            "quantity": 1
        }
    ],
    "computed_total_huf": 17970,
    "huf_factor": 100
}

{
    "time": "2025-09-17 20:32:22",
    "event_id": 24,
    "request_body": {
        "payment_method": "paypal",
        "event_id": 24,
        "items": [
            {
                "name": "REGULAR TICKET",
                "unit_amount": 4990,
                "quantity": 2,
                "ticket_type_id": "11"
            },
            {
                "name": "VIP TICKET",
                "unit_amount": 7990,
                "quantity": 1,
                "ticket_type_id": "12"
            }
        ]
    },
    "requested": {
        "11": 2,
        "12": 1
    },
    "db_tickets": [
        {
            "ticket_type_id": 11,
            "ticket_type": "regular",
            "price": 4990
        },
        {
            "ticket_type_id": 12,
            "ticket_type": "vip",
            "price": 7990
        }
    ],
    "line_items": [
        {
            "price_data": {
                "currency": "huf",
                "product_data": {
                    "name": "REGULAR TICKET"
                },
                "unit_amount": 499000
            },
            "quantity": 2
        },
        {
            "price_data": {
                "currency": "huf",
                "product_data": {
                    "name": "VIP TICKET"
                },
                "unit_amount": 799000
            },
            "quantity": 1
        }
    ],
    "computed_total_huf": 17970,
    "huf_factor": 100
}

{
    "time": "2025-09-17 20:32:24",
    "event_id": 24,
    "request_body": {
        "payment_method": "paypal",
        "event_id": 24,
        "items": [
            {
                "name": "REGULAR TICKET",
                "unit_amount": 4990,
                "quantity": 2,
                "ticket_type_id": "11"
            },
            {
                "name": "VIP TICKET",
                "unit_amount": 7990,
                "quantity": 1,
                "ticket_type_id": "12"
            }
        ]
    },
    "requested": {
        "11": 2,
        "12": 1
    },
    "db_tickets": [
        {
            "ticket_type_id": 11,
            "ticket_type": "regular",
            "price": 4990
        },
        {
            "ticket_type_id": 12,
            "ticket_type": "vip",
            "price": 7990
        }
    ],
    "line_items": [
        {
            "price_data": {
                "currency": "huf",
                "product_data": {
                    "name": "REGULAR TICKET"
                },
                "unit_amount": 499000
            },
            "quantity": 2
        },
        {
            "price_data": {
                "currency": "huf",
                "product_data": {
                    "name": "VIP TICKET"
                },
                "unit_amount": 799000
            },
            "quantity": 1
        }
    ],
    "computed_total_huf": 17970,
    "huf_factor": 100
}

{
    "time": "2025-09-17 20:32:25",
    "event_id": 24,
    "request_body": {
        "payment_method": "paypal",
        "event_id": 24,
        "items": [
            {
                "name": "REGULAR TICKET",
                "unit_amount": 4990,
                "quantity": 2,
                "ticket_type_id": "11"
            },
            {
                "name": "VIP TICKET",
                "unit_amount": 7990,
                "quantity": 1,
                "ticket_type_id": "12"
            }
        ]
    },
    "requested": {
        "11": 2,
        "12": 1
    },
    "db_tickets": [
        {
            "ticket_type_id": 11,
            "ticket_type": "regular",
            "price": 4990
        },
        {
            "ticket_type_id": 12,
            "ticket_type": "vip",
            "price": 7990
        }
    ],
    "line_items": [
        {
            "price_data": {
                "currency": "huf",
                "product_data": {
                    "name": "REGULAR TICKET"
                },
                "unit_amount": 499000
            },
            "quantity": 2
        },
        {
            "price_data": {
                "currency": "huf",
                "product_data": {
                    "name": "VIP TICKET"
                },
                "unit_amount": 799000
            },
            "quantity": 1
        }
    ],
    "computed_total_huf": 17970,
    "huf_factor": 100
}

{
    "time": "2025-09-17 20:32:50",
    "event_id": 24,
    "request_body": {
        "payment_method": "paypal",
        "event_id": 24,
        "items": [
            {
                "name": "VIP TICKET",
                "unit_amount": 7990,
                "quantity": 2,
                "ticket_type_id": "12"
            }
        ]
    },
    "requested": {
        "12": 2
    },
    "db_tickets": [
        {
            "ticket_type_id": 12,
            "ticket_type": "vip",
            "price": 7990
        }
    ],
    "line_items": [
        {
            "price_data": {
                "currency": "huf",
                "product_data": {
                    "name": "VIP TICKET"
                },
                "unit_amount": 799000
            },
            "quantity": 2
        }
    ],
    "computed_total_huf": 15980,
    "huf_factor": 100
}

{
    "time": "2025-09-17 20:32:52",
    "event_id": 24,
    "request_body": {
        "payment_method": "paypal",
        "event_id": 24,
        "items": [
            {
                "name": "VIP TICKET",
                "unit_amount": 7990,
                "quantity": 2,
                "ticket_type_id": "12"
            }
        ]
    },
    "requested": {
        "12": 2
    },
    "db_tickets": [
        {
            "ticket_type_id": 12,
            "ticket_type": "vip",
            "price": 7990
        }
    ],
    "line_items": [
        {
            "price_data": {
                "currency": "huf",
                "product_data": {
                    "name": "VIP TICKET"
                },
                "unit_amount": 799000
            },
            "quantity": 2
        }
    ],
    "computed_total_huf": 15980,
    "huf_factor": 100
}

{
    "time": "2025-09-17 20:32:54",
    "event_id": 24,
    "request_body": {
        "payment_method": "paypal",
        "event_id": 24,
        "items": [
            {
                "name": "VIP TICKET",
                "unit_amount": 7990,
                "quantity": 2,
                "ticket_type_id": "12"
            }
        ]
    },
    "requested": {
        "12": 2
    },
    "db_tickets": [
        {
            "ticket_type_id": 12,
            "ticket_type": "vip",
            "price": 7990
        }
    ],
    "line_items": [
        {
            "price_data": {
                "currency": "huf",
                "product_data": {
                    "name": "VIP TICKET"
                },
                "unit_amount": 799000
            },
            "quantity": 2
        }
    ],
    "computed_total_huf": 15980,
    "huf_factor": 100
}

{
    "time": "2025-09-17 20:32:56",
    "event_id": 24,
    "request_body": {
        "payment_method": "paypal",
        "event_id": 24,
        "items": [
            {
                "name": "VIP TICKET",
                "unit_amount": 7990,
                "quantity": 2,
                "ticket_type_id": "12"
            }
        ]
    },
    "requested": {
        "12": 2
    },
    "db_tickets": [
        {
            "ticket_type_id": 12,
            "ticket_type": "vip",
            "price": 7990
        }
    ],
    "line_items": [
        {
            "price_data": {
                "currency": "huf",
                "product_data": {
                    "name": "VIP TICKET"
                },
                "unit_amount": 799000
            },
            "quantity": 2
        }
    ],
    "computed_total_huf": 15980,
    "huf_factor": 100
}

{
    "time": "2025-09-17 20:55:55",
    "event_id": 21,
    "request_body": {
        "event_id": 21,
        "items": [
            {
                "name": "REGULAR TICKET",
                "unit_amount": 4490,
                "quantity": 2,
                "ticket_type_id": "5"
            },
            {
                "name": "VIP TICKET",
                "unit_amount": 7490,
                "quantity": 1,
                "ticket_type_id": "6"
            }
        ]
    },
    "requested": {
        "5": 2,
        "6": 1
    },
    "db_tickets": [
        {
            "ticket_type_id": 5,
            "ticket_type": "regular",
            "price": 4490
        },
        {
            "ticket_type_id": 6,
            "ticket_type": "vip",
            "price": 7490
        }
    ],
    "line_items": [
        {
            "price_data": {
                "currency": "huf",
                "product_data": {
                    "name": "REGULAR TICKET"
                },
                "unit_amount": 449000
            },
            "quantity": 2
        },
        {
            "price_data": {
                "currency": "huf",
                "product_data": {
                    "name": "VIP TICKET"
                },
                "unit_amount": 749000
            },
            "quantity": 1
        }
    ],
    "computed_total_huf": 16470,
    "huf_factor": 100
}

{
    "time": "2025-09-17 21:01:03",
    "event_id": 20,
    "request_body": {
        "payment_method": "paypal",
        "event_id": 20,
        "items": [
            {
                "name": "REGULAR TICKET",
                "unit_amount": 4990,
                "quantity": 1,
                "ticket_type_id": "3"
            }
        ]
    },
    "requested": {
        "3": 1
    },
    "db_tickets": [
        {
            "ticket_type_id": 3,
            "ticket_type": "regular",
            "price": 4990
        }
    ],
    "line_items": [
        {
            "price_data": {
                "currency": "huf",
                "product_data": {
                    "name": "REGULAR TICKET"
                },
                "unit_amount": 499000
            },
            "quantity": 1
        }
    ],
    "computed_total_huf": 4990,
    "huf_factor": 100
}

{
    "time": "2025-09-17 21:01:05",
    "event_id": 20,
    "request_body": {
        "payment_method": "paypal",
        "event_id": 20,
        "items": [
            {
                "name": "REGULAR TICKET",
                "unit_amount": 4990,
                "quantity": 1,
                "ticket_type_id": "3"
            }
        ]
    },
    "requested": {
        "3": 1
    },
    "db_tickets": [
        {
            "ticket_type_id": 3,
            "ticket_type": "regular",
            "price": 4990
        }
    ],
    "line_items": [
        {
            "price_data": {
                "currency": "huf",
                "product_data": {
                    "name": "REGULAR TICKET"
                },
                "unit_amount": 499000
            },
            "quantity": 1
        }
    ],
    "computed_total_huf": 4990,
    "huf_factor": 100
}

{
    "time": "2025-09-17 21:01:07",
    "event_id": 20,
    "request_body": {
        "payment_method": "paypal",
        "event_id": 20,
        "items": [
            {
                "name": "REGULAR TICKET",
                "unit_amount": 4990,
                "quantity": 1,
                "ticket_type_id": "3"
            }
        ]
    },
    "requested": {
        "3": 1
    },
    "db_tickets": [
        {
            "ticket_type_id": 3,
            "ticket_type": "regular",
            "price": 4990
        }
    ],
    "line_items": [
        {
            "price_data": {
                "currency": "huf",
                "product_data": {
                    "name": "REGULAR TICKET"
                },
                "unit_amount": 499000
            },
            "quantity": 1
        }
    ],
    "computed_total_huf": 4990,
    "huf_factor": 100
}

{
    "time": "2025-09-17 21:01:08",
    "event_id": 20,
    "request_body": {
        "payment_method": "paypal",
        "event_id": 20,
        "items": [
            {
                "name": "REGULAR TICKET",
                "unit_amount": 4990,
                "quantity": 1,
                "ticket_type_id": "3"
            }
        ]
    },
    "requested": {
        "3": 1
    },
    "db_tickets": [
        {
            "ticket_type_id": 3,
            "ticket_type": "regular",
            "price": 4990
        }
    ],
    "line_items": [
        {
            "price_data": {
                "currency": "huf",
                "product_data": {
                    "name": "REGULAR TICKET"
                },
                "unit_amount": 499000
            },
            "quantity": 1
        }
    ],
    "computed_total_huf": 4990,
    "huf_factor": 100
}

{
    "time": "2025-09-17 21:12:49",
    "event_id": 19,
    "request_body": {
        "payment_method": "paypal",
        "event_id": 19,
        "items": [
            {
                "name": "VIP TICKET",
                "unit_amount": 8990,
                "quantity": 3,
                "ticket_type_id": "2"
            }
        ]
    },
    "requested": {
        "2": 3
    },
    "db_tickets": [
        {
            "ticket_type_id": 2,
            "ticket_type": "vip",
            "price": 8990
        }
    ],
    "line_items": [
        {
            "price_data": {
                "currency": "huf",
                "product_data": {
                    "name": "VIP TICKET"
                },
                "unit_amount": 899000
            },
            "quantity": 3
        }
    ],
    "computed_total_huf": 26970,
    "huf_factor": 100
}

{
    "time": "2025-09-17 21:12:51",
    "event_id": 19,
    "request_body": {
        "payment_method": "paypal",
        "event_id": 19,
        "items": [
            {
                "name": "VIP TICKET",
                "unit_amount": 8990,
                "quantity": 3,
                "ticket_type_id": "2"
            }
        ]
    },
    "requested": {
        "2": 3
    },
    "db_tickets": [
        {
            "ticket_type_id": 2,
            "ticket_type": "vip",
            "price": 8990
        }
    ],
    "line_items": [
        {
            "price_data": {
                "currency": "huf",
                "product_data": {
                    "name": "VIP TICKET"
                },
                "unit_amount": 899000
            },
            "quantity": 3
        }
    ],
    "computed_total_huf": 26970,
    "huf_factor": 100
}

{
    "time": "2025-09-17 21:12:53",
    "event_id": 19,
    "request_body": {
        "payment_method": "paypal",
        "event_id": 19,
        "items": [
            {
                "name": "VIP TICKET",
                "unit_amount": 8990,
                "quantity": 3,
                "ticket_type_id": "2"
            }
        ]
    },
    "requested": {
        "2": 3
    },
    "db_tickets": [
        {
            "ticket_type_id": 2,
            "ticket_type": "vip",
            "price": 8990
        }
    ],
    "line_items": [
        {
            "price_data": {
                "currency": "huf",
                "product_data": {
                    "name": "VIP TICKET"
                },
                "unit_amount": 899000
            },
            "quantity": 3
        }
    ],
    "computed_total_huf": 26970,
    "huf_factor": 100
}

{
    "time": "2025-09-17 21:12:55",
    "event_id": 19,
    "request_body": {
        "payment_method": "paypal",
        "event_id": 19,
        "items": [
            {
                "name": "VIP TICKET",
                "unit_amount": 8990,
                "quantity": 3,
                "ticket_type_id": "2"
            }
        ]
    },
    "requested": {
        "2": 3
    },
    "db_tickets": [
        {
            "ticket_type_id": 2,
            "ticket_type": "vip",
            "price": 8990
        }
    ],
    "line_items": [
        {
            "price_data": {
                "currency": "huf",
                "product_data": {
                    "name": "VIP TICKET"
                },
                "unit_amount": 899000
            },
            "quantity": 3
        }
    ],
    "computed_total_huf": 26970,
    "huf_factor": 100
}

